<?xml version="1.0" encoding="UTF-8"?>
<testsuite name="NumbersTest" tests="1" skipped="0" failures="0" errors="0" timestamp="2021-06-06T20:35:38" hostname="christophersair.lan" time="10.229">
  <properties/>
  <testcase name="start" classname="NumbersTest" time="10.229"/>
  <system-out><![CDATA[?[1;31m
Start test 1?[0m
Welcome to Amazing Numbers!

Supported requests:
- enter a natural number to know its properties;
- enter two natural numbers to obtain the properties of the list:
  * the first parameter represents a starting number;
  * the second parameter shows how many consecutive numbers are to be printed;
- two natural numbers and properties to search for;
- a property preceded by minus must not be present in numbers;
- separate the parameters with one space;
- enter 0 to exit.
Enter a request:
> 0
Goodbye!
?[1;31m
Start test 2?[0m
Welcome to Amazing Numbers!

Supported requests:
- enter a natural number to know its properties;
- enter two natural numbers to obtain the properties of the list:
  * the first parameter represents a starting number;
  * the second parameter shows how many consecutive numbers are to be printed;
- two natural numbers and properties to search for;
- a property preceded by minus must not be present in numbers;
- separate the parameters with one space;
- enter 0 to exit.
Enter a request:
> -90
The first parameter should be a natural number or zero.
Enter a request:
> 0
Goodbye!
?[1;31m
Start test 3?[0m
Welcome to Amazing Numbers!

Supported requests:
- enter a natural number to know its properties;
- enter two natural numbers to obtain the properties of the list:
  * the first parameter represents a starting number;
  * the second parameter shows how many consecutive numbers are to be printed;
- two natural numbers and properties to search for;
- a property preceded by minus must not be present in numbers;
- separate the parameters with one space;
- enter 0 to exit.
Enter a request:
> -56
The first parameter should be a natural number or zero.
Enter a request:
> 0
Goodbye!
?[1;31m
Start test 4?[0m
Welcome to Amazing Numbers!

Supported requests:
- enter a natural number to know its properties;
- enter two natural numbers to obtain the properties of the list:
  * the first parameter represents a starting number;
  * the second parameter shows how many consecutive numbers are to be printed;
- two natural numbers and properties to search for;
- a property preceded by minus must not be present in numbers;
- separate the parameters with one space;
- enter 0 to exit.
Enter a request:
> -16
The first parameter should be a natural number or zero.
Enter a request:
> 0
Goodbye!
?[1;31m
Start test 5?[0m
Welcome to Amazing Numbers!

Supported requests:
- enter a natural number to know its properties;
- enter two natural numbers to obtain the properties of the list:
  * the first parameter represents a starting number;
  * the second parameter shows how many consecutive numbers are to be printed;
- two natural numbers and properties to search for;
- a property preceded by minus must not be present in numbers;
- separate the parameters with one space;
- enter 0 to exit.
Enter a request:
> -76
The first parameter should be a natural number or zero.
Enter a request:
> 0
Goodbye!
?[1;31m
Start test 6?[0m
Welcome to Amazing Numbers!

Supported requests:
- enter a natural number to know its properties;
- enter two natural numbers to obtain the properties of the list:
  * the first parameter represents a starting number;
  * the second parameter shows how many consecutive numbers are to be printed;
- two natural numbers and properties to search for;
- a property preceded by minus must not be present in numbers;
- separate the parameters with one space;
- enter 0 to exit.
Enter a request:
> -62
The first parameter should be a natural number or zero.
Enter a request:
> 0
Goodbye!
?[1;31m
Start test 7?[0m
Welcome to Amazing Numbers!

Supported requests:
- enter a natural number to know its properties;
- enter two natural numbers to obtain the properties of the list:
  * the first parameter represents a starting number;
  * the second parameter shows how many consecutive numbers are to be printed;
- two natural numbers and properties to search for;
- a property preceded by minus must not be present in numbers;
- separate the parameters with one space;
- enter 0 to exit.
Enter a request:
> 1985 -23690
The second parameter should be a natural number.
Enter a request:
> 0
Goodbye!
?[1;31m
Start test 8?[0m
Welcome to Amazing Numbers!

Supported requests:
- enter a natural number to know its properties;
- enter two natural numbers to obtain the properties of the list:
  * the first parameter represents a starting number;
  * the second parameter shows how many consecutive numbers are to be printed;
- two natural numbers and properties to search for;
- a property preceded by minus must not be present in numbers;
- separate the parameters with one space;
- enter 0 to exit.
Enter a request:
> 18433 -13205
The second parameter should be a natural number.
Enter a request:
> 0
Goodbye!
?[1;31m
Start test 9?[0m
Welcome to Amazing Numbers!

Supported requests:
- enter a natural number to know its properties;
- enter two natural numbers to obtain the properties of the list:
  * the first parameter represents a starting number;
  * the second parameter shows how many consecutive numbers are to be printed;
- two natural numbers and properties to search for;
- a property preceded by minus must not be present in numbers;
- separate the parameters with one space;
- enter 0 to exit.
Enter a request:
> 97 -24088
The second parameter should be a natural number.
Enter a request:
> 0
Goodbye!
?[1;31m
Start test 10?[0m
Welcome to Amazing Numbers!

Supported requests:
- enter a natural number to know its properties;
- enter two natural numbers to obtain the properties of the list:
  * the first parameter represents a starting number;
  * the second parameter shows how many consecutive numbers are to be printed;
- two natural numbers and properties to search for;
- a property preceded by minus must not be present in numbers;
- separate the parameters with one space;
- enter 0 to exit.
Enter a request:
> 16573 -21110
The second parameter should be a natural number.
Enter a request:
> 0
Goodbye!
?[1;31m
Start test 11?[0m
Welcome to Amazing Numbers!

Supported requests:
- enter a natural number to know its properties;
- enter two natural numbers to obtain the properties of the list:
  * the first parameter represents a starting number;
  * the second parameter shows how many consecutive numbers are to be printed;
- two natural numbers and properties to search for;
- a property preceded by minus must not be present in numbers;
- separate the parameters with one space;
- enter 0 to exit.
Enter a request:
> 1602 -5325
The second parameter should be a natural number.
Enter a request:
> 0
Goodbye!
?[1;31m
Start test 12?[0m
Welcome to Amazing Numbers!

Supported requests:
- enter a natural number to know its properties;
- enter two natural numbers to obtain the properties of the list:
  * the first parameter represents a starting number;
  * the second parameter shows how many consecutive numbers are to be printed;
- two natural numbers and properties to search for;
- a property preceded by minus must not be present in numbers;
- separate the parameters with one space;
- enter 0 to exit.
Enter a request:
> 120 -20120
The second parameter should be a natural number.
Enter a request:
> 0
Goodbye!
?[1;31m
Start test 13?[0m
Welcome to Amazing Numbers!

Supported requests:
- enter a natural number to know its properties;
- enter two natural numbers to obtain the properties of the list:
  * the first parameter represents a starting number;
  * the second parameter shows how many consecutive numbers are to be printed;
- two natural numbers and properties to search for;
- a property preceded by minus must not be present in numbers;
- separate the parameters with one space;
- enter 0 to exit.
Enter a request:
> 10641 -785
The second parameter should be a natural number.
Enter a request:
> 0
Goodbye!
?[1;31m
Start test 14?[0m
Welcome to Amazing Numbers!

Supported requests:
- enter a natural number to know its properties;
- enter two natural numbers to obtain the properties of the list:
  * the first parameter represents a starting number;
  * the second parameter shows how many consecutive numbers are to be printed;
- two natural numbers and properties to search for;
- a property preceded by minus must not be present in numbers;
- separate the parameters with one space;
- enter 0 to exit.
Enter a request:
> 20980 -15828
The second parameter should be a natural number.
Enter a request:
> 0
Goodbye!
?[1;31m
Start test 15?[0m
Welcome to Amazing Numbers!

Supported requests:
- enter a natural number to know its properties;
- enter two natural numbers to obtain the properties of the list:
  * the first parameter represents a starting number;
  * the second parameter shows how many consecutive numbers are to be printed;
- two natural numbers and properties to search for;
- a property preceded by minus must not be present in numbers;
- separate the parameters with one space;
- enter 0 to exit.
Enter a request:
> 31895 -13672
The second parameter should be a natural number.
Enter a request:
> 0
Goodbye!
?[1;31m
Start test 16?[0m
Welcome to Amazing Numbers!

Supported requests:
- enter a natural number to know its properties;
- enter two natural numbers to obtain the properties of the list:
  * the first parameter represents a starting number;
  * the second parameter shows how many consecutive numbers are to be printed;
- two natural numbers and properties to search for;
- a property preceded by minus must not be present in numbers;
- separate the parameters with one space;
- enter 0 to exit.
Enter a request:
> 7918 -13198
The second parameter should be a natural number.
Enter a request:
> 0
Goodbye!
?[1;31m
Start test 17?[0m
Welcome to Amazing Numbers!

Supported requests:
- enter a natural number to know its properties;
- enter two natural numbers to obtain the properties of the list:
  * the first parameter represents a starting number;
  * the second parameter shows how many consecutive numbers are to be printed;
- two natural numbers and properties to search for;
- a property preceded by minus must not be present in numbers;
- separate the parameters with one space;
- enter 0 to exit.
Enter a request:
> 1
Properties of 1
even: false
odd: true
buzz: false
duck: false
palindromic: true
gapful: false
spy: true
square: true
sunny: false
jumping: true
happy: true
sad: false
Enter a request:
> 2
Properties of 2
even: true
odd: false
buzz: false
duck: false
palindromic: true
gapful: false
spy: true
square: false
sunny: false
jumping: true
happy: false
sad: true
Enter a request:
> 3
Properties of 3
even: false
odd: true
buzz: false
duck: false
palindromic: true
gapful: false
spy: true
square: false
sunny: true
jumping: true
happy: false
sad: true
Enter a request:
> 4
Properties of 4
even: true
odd: false
buzz: false
duck: false
palindromic: true
gapful: false
spy: true
square: true
sunny: false
jumping: true
happy: false
sad: true
Enter a request:
> 5
Properties of 5
even: false
odd: true
buzz: false
duck: false
palindromic: true
gapful: false
spy: true
square: false
sunny: false
jumping: true
happy: false
sad: true
Enter a request:
> 6
Properties of 6
even: true
odd: false
buzz: false
duck: false
palindromic: true
gapful: false
spy: true
square: false
sunny: false
jumping: true
happy: false
sad: true
Enter a request:
> 7
Properties of 7
even: false
odd: true
buzz: true
duck: false
palindromic: true
gapful: false
spy: true
square: false
sunny: false
jumping: true
happy: true
sad: false
Enter a request:
> 8
Properties of 8
even: true
odd: false
buzz: false
duck: false
palindromic: true
gapful: false
spy: true
square: false
sunny: true
jumping: true
happy: false
sad: true
Enter a request:
> 9
Properties of 9
even: false
odd: true
buzz: false
duck: false
palindromic: true
gapful: false
spy: true
square: true
sunny: false
jumping: true
happy: false
sad: true
Enter a request:
> 10
Properties of 10
even: true
odd: false
buzz: false
duck: true
palindromic: false
gapful: false
spy: false
square: false
sunny: false
jumping: true
happy: true
sad: false
Enter a request:
> 11
Properties of 11
even: false
odd: true
buzz: false
duck: false
palindromic: true
gapful: false
spy: false
square: false
sunny: false
jumping: false
happy: false
sad: true
Enter a request:
> 12
Properties of 12
even: true
odd: false
buzz: false
duck: false
palindromic: false
gapful: false
spy: false
square: false
sunny: false
jumping: true
happy: false
sad: true
Enter a request:
> 13
Properties of 13
even: false
odd: true
buzz: false
duck: false
palindromic: false
gapful: false
spy: false
square: false
sunny: false
jumping: false
happy: true
sad: false
Enter a request:
> 14
Properties of 14
even: true
odd: false
buzz: true
duck: false
palindromic: false
gapful: false
spy: false
square: false
sunny: false
jumping: false
happy: false
sad: true
Enter a request:
> 4994646855573899603
Properties of 4994646855573899603
even: false
odd: true
buzz: false
duck: true
palindromic: false
gapful: false
spy: false
square: false
sunny: false
jumping: false
happy: false
sad: true
Enter a request:
> 8810204308998382440
Properties of 8810204308998382440
even: true
odd: false
buzz: false
duck: true
palindromic: false
gapful: false
spy: false
square: false
sunny: false
jumping: false
happy: false
sad: true
Enter a request:
> 6793203057830565118
Properties of 6793203057830565118
even: true
odd: false
buzz: false
duck: true
palindromic: false
gapful: false
spy: false
square: false
sunny: false
jumping: false
happy: true
sad: false
Enter a request:
> 7176108029541467897
Properties of 7176108029541467897
even: false
odd: true
buzz: true
duck: true
palindromic: false
gapful: false
spy: false
square: false
sunny: false
jumping: false
happy: true
sad: false
Enter a request:
> 5967214027318784581
Properties of 5967214027318784581
even: false
odd: true
buzz: false
duck: true
palindromic: false
gapful: false
spy: false
square: false
sunny: false
jumping: false
happy: false
sad: true
Enter a request:
> 5921371289299286526
Properties of 5921371289299286526
even: true
odd: false
buzz: false
duck: false
palindromic: false
gapful: false
spy: false
square: false
sunny: false
jumping: false
happy: false
sad: true
Enter a request:
> 5917480351749734635
Properties of 5917480351749734635
even: false
odd: true
buzz: true
duck: true
palindromic: false
gapful: false
spy: false
square: false
sunny: false
jumping: false
happy: false
sad: true
Enter a request:
> 7783432607653503782
Properties of 7783432607653503782
even: true
odd: false
buzz: false
duck: true
palindromic: false
gapful: false
spy: false
square: false
sunny: false
jumping: false
happy: false
sad: true
Enter a request:
> 8445236423838482813
Properties of 8445236423838482813
even: false
odd: true
buzz: false
duck: false
palindromic: false
gapful: false
spy: false
square: false
sunny: false
jumping: false
happy: false
sad: true
Enter a request:
> 7308867149801042348
Properties of 7308867149801042348
even: true
odd: false
buzz: false
duck: true
palindromic: false
gapful: false
spy: false
square: false
sunny: false
jumping: false
happy: false
sad: true
Enter a request:
> 0
Goodbye!
?[1;31m
Start test 18?[0m
Welcome to Amazing Numbers!

Supported requests:
- enter a natural number to know its properties;
- enter two natural numbers to obtain the properties of the list:
  * the first parameter represents a starting number;
  * the second parameter shows how many consecutive numbers are to be printed;
- two natural numbers and properties to search for;
- a property preceded by minus must not be present in numbers;
- separate the parameters with one space;
- enter 0 to exit.
Enter a request:
> 1 15
1 is odd, palindromic, spy, square, jumping, happy
2 is even, palindromic, spy, jumping, sad
3 is odd, palindromic, spy, sunny, jumping, sad
4 is even, palindromic, spy, square, jumping, sad
5 is odd, palindromic, spy, jumping, sad
6 is even, palindromic, spy, jumping, sad
7 is odd, buzz, palindromic, spy, jumping, happy
8 is even, palindromic, spy, sunny, jumping, sad
9 is odd, palindromic, spy, square, jumping, sad
10 is even, duck, jumping, happy
11 is odd, palindromic, sad
12 is even, jumping, sad
13 is odd, happy
14 is even, buzz, sad
15 is odd, sunny, sad
Enter a request:
> 0
Goodbye!
?[1;31m
Start test 19?[0m
Welcome to Amazing Numbers!

Supported requests:
- enter a natural number to know its properties;
- enter two natural numbers to obtain the properties of the list:
  * the first parameter represents a starting number;
  * the second parameter shows how many consecutive numbers are to be printed;
- two natural numbers and properties to search for;
- a property preceded by minus must not be present in numbers;
- separate the parameters with one space;
- enter 0 to exit.
Enter a request:
> 7778590829213900664 12
7778590829213900664 is even, duck, happy
7778590829213900665 is odd, duck, sad
7778590829213900666 is even, duck, sad
7778590829213900667 is odd, buzz, duck, sad
7778590829213900668 is even, buzz, duck, sad
7778590829213900669 is odd, duck, sad
7778590829213900670 is even, duck, sad
7778590829213900671 is odd, duck, sad
7778590829213900672 is even, duck, sad
7778590829213900673 is odd, duck, happy
7778590829213900674 is even, duck, sad
7778590829213900675 is odd, buzz, duck, happy
Enter a request:
> 0
Goodbye!
?[1;31m
Start test 20?[0m
Welcome to Amazing Numbers!

Supported requests:
- enter a natural number to know its properties;
- enter two natural numbers to obtain the properties of the list:
  * the first parameter represents a starting number;
  * the second parameter shows how many consecutive numbers are to be printed;
- two natural numbers and properties to search for;
- a property preceded by minus must not be present in numbers;
- separate the parameters with one space;
- enter 0 to exit.
Enter a request:
> 5995264501509554413 3
5995264501509554413 is odd, duck, sad
5995264501509554414 is even, duck, sad
5995264501509554415 is odd, duck, sad
Enter a request:
> 0
Goodbye!
?[1;31m
Start test 21?[0m
Welcome to Amazing Numbers!

Supported requests:
- enter a natural number to know its properties;
- enter two natural numbers to obtain the properties of the list:
  * the first parameter represents a starting number;
  * the second parameter shows how many consecutive numbers are to be printed;
- two natural numbers and properties to search for;
- a property preceded by minus must not be present in numbers;
- separate the parameters with one space;
- enter 0 to exit.
Enter a request:
> 2328305667743686853 15
2328305667743686853 is odd, duck, sad
2328305667743686854 is even, duck, sad
2328305667743686855 is odd, buzz, duck, sad
2328305667743686856 is even, duck, sad
2328305667743686857 is odd, buzz, duck, sad
2328305667743686858 is even, duck, sad
2328305667743686859 is odd, duck, sad
2328305667743686860 is even, duck, gapful, sad
2328305667743686861 is odd, duck, sad
2328305667743686862 is even, buzz, duck, gapful, sad
2328305667743686863 is odd, duck, sad
2328305667743686864 is even, duck, sad
2328305667743686865 is odd, duck, sad
2328305667743686866 is even, duck, sad
2328305667743686867 is odd, buzz, duck, sad
Enter a request:
> 0
Goodbye!
?[1;31m
Start test 22?[0m
Welcome to Amazing Numbers!

Supported requests:
- enter a natural number to know its properties;
- enter two natural numbers to obtain the properties of the list:
  * the first parameter represents a starting number;
  * the second parameter shows how many consecutive numbers are to be printed;
- two natural numbers and properties to search for;
- a property preceded by minus must not be present in numbers;
- separate the parameters with one space;
- enter 0 to exit.
Enter a request:
> 8278818712736986695 20
8278818712736986695 is odd, sad
8278818712736986696 is even, sad
8278818712736986697 is odd, buzz, sad
8278818712736986698 is even, happy
8278818712736986699 is odd, sad
8278818712736986700 is even, duck, sad
8278818712736986701 is odd, buzz, duck, sad
8278818712736986702 is even, duck, sad
8278818712736986703 is odd, duck, sad
8278818712736986704 is even, duck, sad
8278818712736986705 is odd, duck, sad
8278818712736986706 is even, duck, sad
8278818712736986707 is odd, buzz, duck, sad
8278818712736986708 is even, buzz, duck, sad
8278818712736986709 is odd, duck, sad
8278818712736986710 is even, duck, sad
8278818712736986711 is odd, sad
8278818712736986712 is even, sad
8278818712736986713 is odd, sad
8278818712736986714 is even, sad
Enter a request:
> 0
Goodbye!
?[1;31m
Start test 23?[0m
Welcome to Amazing Numbers!

Supported requests:
- enter a natural number to know its properties;
- enter two natural numbers to obtain the properties of the list:
  * the first parameter represents a starting number;
  * the second parameter shows how many consecutive numbers are to be printed;
- two natural numbers and properties to search for;
- a property preceded by minus must not be present in numbers;
- separate the parameters with one space;
- enter 0 to exit.
Enter a request:
> 2513578996246334945 11
2513578996246334945 is odd, sad
2513578996246334946 is even, sad
2513578996246334947 is odd, buzz, sad
2513578996246334948 is even, sad
2513578996246334949 is odd, sad
2513578996246334950 is even, duck, sad
2513578996246334951 is odd, sad
2513578996246334952 is even, sad
2513578996246334953 is odd, sad
2513578996246334954 is even, buzz, sad
2513578996246334955 is odd, sad
Enter a request:
> 0
Goodbye!
?[1;31m
Start test 24?[0m
Welcome to Amazing Numbers!

Supported requests:
- enter a natural number to know its properties;
- enter two natural numbers to obtain the properties of the list:
  * the first parameter represents a starting number;
  * the second parameter shows how many consecutive numbers are to be printed;
- two natural numbers and properties to search for;
- a property preceded by minus must not be present in numbers;
- separate the parameters with one space;
- enter 0 to exit.
Enter a request:
> 6568714600611408389 15
6568714600611408389 is odd, duck, sad
6568714600611408390 is even, duck, sad
6568714600611408391 is odd, duck, sad
6568714600611408392 is even, buzz, duck, sad
6568714600611408393 is odd, duck, sad
6568714600611408394 is even, duck, happy
6568714600611408395 is odd, duck, happy
6568714600611408396 is even, duck, sad
6568714600611408397 is odd, buzz, duck, sad
6568714600611408398 is even, duck, sad
6568714600611408399 is odd, buzz, duck, gapful, sad
6568714600611408400 is even, duck, happy
6568714600611408401 is odd, duck, sad
6568714600611408402 is even, duck, sad
6568714600611408403 is odd, duck, sad
Enter a request:
> 0
Goodbye!
?[1;31m
Start test 25?[0m
Welcome to Amazing Numbers!

Supported requests:
- enter a natural number to know its properties;
- enter two natural numbers to obtain the properties of the list:
  * the first parameter represents a starting number;
  * the second parameter shows how many consecutive numbers are to be printed;
- two natural numbers and properties to search for;
- a property preceded by minus must not be present in numbers;
- separate the parameters with one space;
- enter 0 to exit.
Enter a request:
> 4738627305828149332 7
4738627305828149332 is even, duck, sad
4738627305828149333 is odd, duck, sad
4738627305828149334 is even, duck, sad
4738627305828149335 is odd, buzz, duck, sad
4738627305828149336 is even, duck, sad
4738627305828149337 is odd, buzz, duck, sad
4738627305828149338 is even, duck, sad
Enter a request:
> 0
Goodbye!
?[1;31m
Start test 26?[0m
Welcome to Amazing Numbers!

Supported requests:
- enter a natural number to know its properties;
- enter two natural numbers to obtain the properties of the list:
  * the first parameter represents a starting number;
  * the second parameter shows how many consecutive numbers are to be printed;
- two natural numbers and properties to search for;
- a property preceded by minus must not be present in numbers;
- separate the parameters with one space;
- enter 0 to exit.
Enter a request:
> 6883973518611885079 1
6883973518611885079 is odd, duck, sad
Enter a request:
> 0
Goodbye!
?[1;31m
Start test 27?[0m
Welcome to Amazing Numbers!

Supported requests:
- enter a natural number to know its properties;
- enter two natural numbers to obtain the properties of the list:
  * the first parameter represents a starting number;
  * the second parameter shows how many consecutive numbers are to be printed;
- two natural numbers and properties to search for;
- a property preceded by minus must not be present in numbers;
- separate the parameters with one space;
- enter 0 to exit.
Enter a request:
> 2910127626934605689 4
2910127626934605689 is odd, duck, sad
2910127626934605690 is even, duck, sad
2910127626934605691 is odd, duck, sad
2910127626934605692 is even, duck, sad
Enter a request:
> 0
Goodbye!
?[1;31m
Start test 28?[0m
Welcome to Amazing Numbers!

Supported requests:
- enter a natural number to know its properties;
- enter two natural numbers to obtain the properties of the list:
  * the first parameter represents a starting number;
  * the second parameter shows how many consecutive numbers are to be printed;
- two natural numbers and properties to search for;
- a property preceded by minus must not be present in numbers;
- separate the parameters with one space;
- enter 0 to exit.
Enter a request:
> 6287864615683001982 20
6287864615683001982 is even, duck, sad
6287864615683001983 is odd, duck, sad
6287864615683001984 is even, duck, gapful, sad
6287864615683001985 is odd, duck, sad
6287864615683001986 is even, duck, happy
6287864615683001987 is odd, buzz, duck, happy
6287864615683001988 is even, buzz, duck, sad
6287864615683001989 is odd, duck, sad
6287864615683001990 is even, duck, sad
6287864615683001991 is odd, duck, sad
6287864615683001992 is even, duck, sad
6287864615683001993 is odd, duck, sad
6287864615683001994 is even, duck, sad
6287864615683001995 is odd, buzz, duck, sad
6287864615683001996 is even, duck, sad
6287864615683001997 is odd, buzz, duck, sad
6287864615683001998 is even, duck, sad
6287864615683001999 is odd, duck, sad
6287864615683002000 is even, duck, gapful, sad
6287864615683002001 is odd, duck, sad
Enter a request:
> 0
Goodbye!
?[1;31m
Start test 29?[0m
Welcome to Amazing Numbers!

Supported requests:
- enter a natural number to know its properties;
- enter two natural numbers to obtain the properties of the list:
  * the first parameter represents a starting number;
  * the second parameter shows how many consecutive numbers are to be printed;
- two natural numbers and properties to search for;
- a property preceded by minus must not be present in numbers;
- separate the parameters with one space;
- enter 0 to exit.
Enter a request:
> 1 10 May
The property [MAY] is wrong.
Available properties: [EVEN, ODD, BUZZ, DUCK, PALINDROMIC, GAPFUL, SPY, SQUARE, SUNNY, JUMPING, HAPPY, SAD]
Enter a request:
> 0
Goodbye!
?[1;31m
Start test 30?[0m
Welcome to Amazing Numbers!

Supported requests:
- enter a natural number to know its properties;
- enter two natural numbers to obtain the properties of the list:
  * the first parameter represents a starting number;
  * the second parameter shows how many consecutive numbers are to be printed;
- two natural numbers and properties to search for;
- a property preceded by minus must not be present in numbers;
- separate the parameters with one space;
- enter 0 to exit.
Enter a request:
> 40 2 bay
The property [BAY] is wrong.
Available properties: [EVEN, ODD, BUZZ, DUCK, PALINDROMIC, GAPFUL, SPY, SQUARE, SUNNY, JUMPING, HAPPY, SAD]
Enter a request:
> 0
Goodbye!
?[1;31m
Start test 31?[0m
Welcome to Amazing Numbers!

Supported requests:
- enter a natural number to know its properties;
- enter two natural numbers to obtain the properties of the list:
  * the first parameter represents a starting number;
  * the second parameter shows how many consecutive numbers are to be printed;
- two natural numbers and properties to search for;
- a property preceded by minus must not be present in numbers;
- separate the parameters with one space;
- enter 0 to exit.
Enter a request:
> 37 4 8
The property [8] is wrong.
Available properties: [EVEN, ODD, BUZZ, DUCK, PALINDROMIC, GAPFUL, SPY, SQUARE, SUNNY, JUMPING, HAPPY, SAD]
Enter a request:
> 0
Goodbye!
?[1;31m
Start test 32?[0m
Welcome to Amazing Numbers!

Supported requests:
- enter a natural number to know its properties;
- enter two natural numbers to obtain the properties of the list:
  * the first parameter represents a starting number;
  * the second parameter shows how many consecutive numbers are to be printed;
- two natural numbers and properties to search for;
- a property preceded by minus must not be present in numbers;
- separate the parameters with one space;
- enter 0 to exit.
Enter a request:
> 67 2 day
The property [DAY] is wrong.
Available properties: [EVEN, ODD, BUZZ, DUCK, PALINDROMIC, GAPFUL, SPY, SQUARE, SUNNY, JUMPING, HAPPY, SAD]
Enter a request:
> 0
Goodbye!
?[1;31m
Start test 33?[0m
Welcome to Amazing Numbers!

Supported requests:
- enter a natural number to know its properties;
- enter two natural numbers to obtain the properties of the list:
  * the first parameter represents a starting number;
  * the second parameter shows how many consecutive numbers are to be printed;
- two natural numbers and properties to search for;
- a property preceded by minus must not be present in numbers;
- separate the parameters with one space;
- enter 0 to exit.
Enter a request:
> 2 54 Prime
The property [PRIME] is wrong.
Available properties: [EVEN, ODD, BUZZ, DUCK, PALINDROMIC, GAPFUL, SPY, SQUARE, SUNNY, JUMPING, HAPPY, SAD]
Enter a request:
> 0
Goodbye!
?[1;31m
Start test 34?[0m
Welcome to Amazing Numbers!

Supported requests:
- enter a natural number to know its properties;
- enter two natural numbers to obtain the properties of the list:
  * the first parameter represents a starting number;
  * the second parameter shows how many consecutive numbers are to be printed;
- two natural numbers and properties to search for;
- a property preceded by minus must not be present in numbers;
- separate the parameters with one space;
- enter 0 to exit.
Enter a request:
> 6 8 ...
The property [...] is wrong.
Available properties: [EVEN, ODD, BUZZ, DUCK, PALINDROMIC, GAPFUL, SPY, SQUARE, SUNNY, JUMPING, HAPPY, SAD]
Enter a request:
> 0
Goodbye!
?[1;31m
Start test 35?[0m
Welcome to Amazing Numbers!

Supported requests:
- enter a natural number to know its properties;
- enter two natural numbers to obtain the properties of the list:
  * the first parameter represents a starting number;
  * the second parameter shows how many consecutive numbers are to be printed;
- two natural numbers and properties to search for;
- a property preceded by minus must not be present in numbers;
- separate the parameters with one space;
- enter 0 to exit.
Enter a request:
> 5 9 none
The property [NONE] is wrong.
Available properties: [EVEN, ODD, BUZZ, DUCK, PALINDROMIC, GAPFUL, SPY, SQUARE, SUNNY, JUMPING, HAPPY, SAD]
Enter a request:
> 0
Goodbye!
?[1;31m
Start test 36?[0m
Welcome to Amazing Numbers!

Supported requests:
- enter a natural number to know its properties;
- enter two natural numbers to obtain the properties of the list:
  * the first parameter represents a starting number;
  * the second parameter shows how many consecutive numbers are to be printed;
- two natural numbers and properties to search for;
- a property preceded by minus must not be present in numbers;
- separate the parameters with one space;
- enter 0 to exit.
Enter a request:
> 1 10 EVEN
2 is even, palindromic, spy, jumping, sad
4 is even, palindromic, spy, square, jumping, sad
6 is even, palindromic, spy, jumping, sad
8 is even, palindromic, spy, sunny, jumping, sad
10 is even, duck, jumping, happy
12 is even, jumping, sad
14 is even, buzz, sad
16 is even, square, sad
18 is even, sad
20 is even, duck, sad
Enter a request:
> 1 10 ODD
1 is odd, palindromic, spy, square, jumping, happy
3 is odd, palindromic, spy, sunny, jumping, sad
5 is odd, palindromic, spy, jumping, sad
7 is odd, buzz, palindromic, spy, jumping, happy
9 is odd, palindromic, spy, square, jumping, sad
11 is odd, palindromic, sad
13 is odd, happy
15 is odd, sunny, sad
17 is odd, buzz, sad
19 is odd, happy
Enter a request:
> 1 10 BUZZ
7 is odd, buzz, palindromic, spy, jumping, happy
14 is even, buzz, sad
17 is odd, buzz, sad
21 is odd, buzz, jumping, sad
27 is odd, buzz, sad
28 is even, buzz, happy
35 is odd, buzz, sunny, sad
37 is odd, buzz, sad
42 is even, buzz, sad
47 is odd, buzz, sad
Enter a request:
> 1 10 DUCK
10 is even, duck, jumping, happy
20 is even, duck, sad
30 is even, duck, sad
40 is even, duck, sad
50 is even, duck, sad
60 is even, duck, sad
70 is even, buzz, duck, happy
80 is even, duck, sunny, sad
90 is even, duck, sad
100 is even, duck, gapful, square, happy
Enter a request:
> 1 10 PALINDROMIC
1 is odd, palindromic, spy, square, jumping, happy
2 is even, palindromic, spy, jumping, sad
3 is odd, palindromic, spy, sunny, jumping, sad
4 is even, palindromic, spy, square, jumping, sad
5 is odd, palindromic, spy, jumping, sad
6 is even, palindromic, spy, jumping, sad
7 is odd, buzz, palindromic, spy, jumping, happy
8 is even, palindromic, spy, sunny, jumping, sad
9 is odd, palindromic, spy, square, jumping, sad
11 is odd, palindromic, sad
Enter a request:
> 1 10 GAPFUL
100 is even, duck, gapful, square, happy
105 is odd, buzz, duck, gapful, sad
108 is even, duck, gapful, sad
110 is even, duck, gapful, sad
120 is even, duck, gapful, sunny, sad
121 is odd, palindromic, gapful, square, jumping, sad
130 is even, duck, gapful, happy
132 is even, gapful, spy, sad
135 is odd, gapful, sad
140 is even, buzz, duck, gapful, sad
Enter a request:
> 1 10 SPY
1 is odd, palindromic, spy, square, jumping, happy
2 is even, palindromic, spy, jumping, sad
3 is odd, palindromic, spy, sunny, jumping, sad
4 is even, palindromic, spy, square, jumping, sad
5 is odd, palindromic, spy, jumping, sad
6 is even, palindromic, spy, jumping, sad
7 is odd, buzz, palindromic, spy, jumping, happy
8 is even, palindromic, spy, sunny, jumping, sad
9 is odd, palindromic, spy, square, jumping, sad
22 is even, palindromic, spy, sad
Enter a request:
> 1 10 SQUARE
1 is odd, palindromic, spy, square, jumping, happy
4 is even, palindromic, spy, square, jumping, sad
9 is odd, palindromic, spy, square, jumping, sad
16 is even, square, sad
25 is odd, square, sad
36 is even, square, sad
49 is odd, buzz, square, happy
64 is even, square, sad
81 is odd, square, sad
100 is even, duck, gapful, square, happy
Enter a request:
> 1 10 SUNNY
3 is odd, palindromic, spy, sunny, jumping, sad
8 is even, palindromic, spy, sunny, jumping, sad
15 is odd, sunny, sad
24 is even, sunny, sad
35 is odd, buzz, sunny, sad
48 is even, sunny, sad
63 is odd, buzz, sunny, sad
80 is even, duck, sunny, sad
99 is odd, palindromic, sunny, sad
120 is even, duck, gapful, sunny, sad
Enter a request:
> 1 10 JUMPING
1 is odd, palindromic, spy, square, jumping, happy
2 is even, palindromic, spy, jumping, sad
3 is odd, palindromic, spy, sunny, jumping, sad
4 is even, palindromic, spy, square, jumping, sad
5 is odd, palindromic, spy, jumping, sad
6 is even, palindromic, spy, jumping, sad
7 is odd, buzz, palindromic, spy, jumping, happy
8 is even, palindromic, spy, sunny, jumping, sad
9 is odd, palindromic, spy, square, jumping, sad
10 is even, duck, jumping, happy
Enter a request:
> 1 10 HAPPY
1 is odd, palindromic, spy, square, jumping, happy
7 is odd, buzz, palindromic, spy, jumping, happy
10 is even, duck, jumping, happy
13 is odd, happy
19 is odd, happy
23 is odd, jumping, happy
28 is even, buzz, happy
31 is odd, happy
32 is even, jumping, happy
44 is even, palindromic, happy
Enter a request:
> 1 10 SAD
2 is even, palindromic, spy, jumping, sad
3 is odd, palindromic, spy, sunny, jumping, sad
4 is even, palindromic, spy, square, jumping, sad
5 is odd, palindromic, spy, jumping, sad
6 is even, palindromic, spy, jumping, sad
8 is even, palindromic, spy, sunny, jumping, sad
9 is odd, palindromic, spy, square, jumping, sad
11 is odd, palindromic, sad
12 is even, jumping, sad
14 is even, buzz, sad
Enter a request:
> 0
Goodbye!
?[1;31m
Start test 37?[0m
Welcome to Amazing Numbers!

Supported requests:
- enter a natural number to know its properties;
- enter two natural numbers to obtain the properties of the list:
  * the first parameter represents a starting number;
  * the second parameter shows how many consecutive numbers are to be printed;
- two natural numbers and properties to search for;
- a property preceded by minus must not be present in numbers;
- separate the parameters with one space;
- enter 0 to exit.
Enter a request:
> 27246 17 DUCK
27250 is even, duck, happy
27260 is even, duck, gapful, sad
27270 is even, duck, sad
27280 is even, duck, gapful, sad
27290 is even, duck, sad
27300 is even, buzz, duck, gapful, sad
27301 is odd, duck, sad
27302 is even, duck, gapful, sad
27303 is odd, duck, sad
27304 is even, duck, sad
27305 is odd, duck, sad
27306 is even, duck, sad
27307 is odd, buzz, duck, sad
27308 is even, duck, sad
27309 is odd, duck, sad
27310 is even, duck, sad
27320 is even, duck, gapful, sad
Enter a request:
> 0
Goodbye!
?[1;31m
Start test 38?[0m
Welcome to Amazing Numbers!

Supported requests:
- enter a natural number to know its properties;
- enter two natural numbers to obtain the properties of the list:
  * the first parameter represents a starting number;
  * the second parameter shows how many consecutive numbers are to be printed;
- two natural numbers and properties to search for;
- a property preceded by minus must not be present in numbers;
- separate the parameters with one space;
- enter 0 to exit.
Enter a request:
> 20792 20 SQUARE
21025 is odd, duck, gapful, square, sad
21316 is even, square, sad
21609 is odd, buzz, duck, square, sad
21904 is even, duck, square, sad
22201 is odd, duck, square, happy
22500 is even, duck, gapful, square, sad
22801 is odd, duck, square, sad
23104 is even, duck, square, sad
23409 is odd, duck, square, sad
23716 is even, buzz, square, sad
24025 is odd, duck, gapful, square, happy
24336 is even, gapful, square, sad
24649 is odd, square, sad
24964 is even, square, sad
25281 is odd, square, sad
25600 is even, duck, gapful, square, sad
25921 is odd, buzz, square, sad
26244 is even, square, sad
26569 is odd, square, sad
26896 is even, square, sad
Enter a request:
> 0
Goodbye!
?[1;31m
Start test 39?[0m
Welcome to Amazing Numbers!

Supported requests:
- enter a natural number to know its properties;
- enter two natural numbers to obtain the properties of the list:
  * the first parameter represents a starting number;
  * the second parameter shows how many consecutive numbers are to be printed;
- two natural numbers and properties to search for;
- a property preceded by minus must not be present in numbers;
- separate the parameters with one space;
- enter 0 to exit.
Enter a request:
> 29301 3 SPY
31113 is odd, palindromic, spy, sad
31131 is odd, spy, sad
31311 is odd, buzz, spy, sad
Enter a request:
> 0
Goodbye!
?[1;31m
Start test 40?[0m
Welcome to Amazing Numbers!

Supported requests:
- enter a natural number to know its properties;
- enter two natural numbers to obtain the properties of the list:
  * the first parameter represents a starting number;
  * the second parameter shows how many consecutive numbers are to be printed;
- two natural numbers and properties to search for;
- a property preceded by minus must not be present in numbers;
- separate the parameters with one space;
- enter 0 to exit.
Enter a request:
> 1224 20 EVEN
1224 is even, sunny, sad
1226 is even, sad
1228 is even, sad
1230 is even, duck, gapful, sad
1232 is even, buzz, jumping, sad
1234 is even, jumping, sad
1236 is even, sad
1238 is even, sad
1240 is even, duck, gapful, sad
1242 is even, sad
1244 is even, sad
1246 is even, buzz, sad
1248 is even, sad
1250 is even, duck, gapful, sad
1252 is even, sad
1254 is even, sad
1256 is even, sad
1258 is even, happy
1260 is even, buzz, duck, gapful, sad
1262 is even, sad
Enter a request:
> 0
Goodbye!
?[1;31m
Start test 41?[0m
Welcome to Amazing Numbers!

Supported requests:
- enter a natural number to know its properties;
- enter two natural numbers to obtain the properties of the list:
  * the first parameter represents a starting number;
  * the second parameter shows how many consecutive numbers are to be printed;
- two natural numbers and properties to search for;
- a property preceded by minus must not be present in numbers;
- separate the parameters with one space;
- enter 0 to exit.
Enter a request:
> 13285 20 BUZZ
13286 is even, buzz, sad
13287 is odd, buzz, sad
13293 is odd, buzz, sad
13297 is odd, buzz, sad
13300 is even, buzz, duck, gapful, happy
13307 is odd, buzz, duck, happy
13314 is even, buzz, gapful, sad
13317 is odd, buzz, sad
13321 is odd, buzz, gapful, sad
13327 is odd, buzz, sad
13328 is even, buzz, sad
13335 is odd, buzz, gapful, sad
13337 is odd, buzz, sad
13342 is even, buzz, sad
13347 is odd, buzz, sad
13349 is odd, buzz, sad
13356 is even, buzz, sad
13357 is odd, buzz, sad
13363 is odd, buzz, sad
13367 is odd, buzz, sad
Enter a request:
> 0
Goodbye!
?[1;31m
Start test 42?[0m
Welcome to Amazing Numbers!

Supported requests:
- enter a natural number to know its properties;
- enter two natural numbers to obtain the properties of the list:
  * the first parameter represents a starting number;
  * the second parameter shows how many consecutive numbers are to be printed;
- two natural numbers and properties to search for;
- a property preceded by minus must not be present in numbers;
- separate the parameters with one space;
- enter 0 to exit.
Enter a request:
> 21564 16 SUNNY
21608 is even, duck, sunny, sad
21903 is odd, buzz, duck, sunny, sad
22200 is even, duck, gapful, sunny, sad
22499 is odd, sunny, sad
22800 is even, duck, gapful, sunny, sad
23103 is odd, duck, sunny, happy
23408 is even, buzz, duck, gapful, sunny, sad
23715 is odd, sunny, sad
24024 is even, buzz, duck, gapful, sunny, sad
24335 is odd, sunny, sad
24648 is even, sunny, sad
24963 is odd, sunny, sad
25280 is even, duck, gapful, sunny, happy
25599 is odd, buzz, sunny, sad
25920 is even, duck, gapful, sunny, sad
26243 is odd, buzz, gapful, sunny, sad
Enter a request:
> 0
Goodbye!
?[1;31m
Start test 43?[0m
Welcome to Amazing Numbers!

Supported requests:
- enter a natural number to know its properties;
- enter two natural numbers to obtain the properties of the list:
  * the first parameter represents a starting number;
  * the second parameter shows how many consecutive numbers are to be printed;
- two natural numbers and properties to search for;
- a property preceded by minus must not be present in numbers;
- separate the parameters with one space;
- enter 0 to exit.
Enter a request:
> 10734 20 SUNNY
10815 is odd, buzz, duck, gapful, sunny, happy
11024 is even, duck, sunny, sad
11235 is odd, buzz, gapful, sunny, sad
11448 is even, gapful, sunny, sad
11663 is odd, sunny, sad
11880 is even, duck, gapful, sunny, happy
12099 is odd, duck, sunny, happy
12320 is even, buzz, duck, gapful, sunny, sad
12543 is odd, sunny, sad
12768 is even, buzz, sunny, sad
12995 is odd, sunny, happy
13224 is even, sunny, sad
13455 is odd, gapful, sunny, sad
13688 is even, sunny, sad
13923 is odd, buzz, gapful, sunny, sad
14160 is even, duck, gapful, sunny, sad
14399 is odd, buzz, sunny, happy
14640 is even, duck, gapful, sunny, sad
14883 is odd, sunny, sad
15128 is even, sunny, sad
Enter a request:
> 0
Goodbye!
?[1;31m
Start test 44?[0m
Welcome to Amazing Numbers!

Supported requests:
- enter a natural number to know its properties;
- enter two natural numbers to obtain the properties of the list:
  * the first parameter represents a starting number;
  * the second parameter shows how many consecutive numbers are to be printed;
- two natural numbers and properties to search for;
- a property preceded by minus must not be present in numbers;
- separate the parameters with one space;
- enter 0 to exit.
Enter a request:
> 9135 13 EVEN
9136 is even, sad
9138 is even, sad
9140 is even, duck, sad
9142 is even, buzz, sad
9144 is even, sad
9146 is even, sad
9148 is even, sad
9150 is even, duck, sad
9152 is even, sad
9154 is even, sad
9156 is even, buzz, sad
9158 is even, sad
9160 is even, duck, sad
Enter a request:
> 0
Goodbye!
?[1;31m
Start test 45?[0m
Welcome to Amazing Numbers!

Supported requests:
- enter a natural number to know its properties;
- enter two natural numbers to obtain the properties of the list:
  * the first parameter represents a starting number;
  * the second parameter shows how many consecutive numbers are to be printed;
- two natural numbers and properties to search for;
- a property preceded by minus must not be present in numbers;
- separate the parameters with one space;
- enter 0 to exit.
Enter a request:
> 3015 4 DUCK
3015 is odd, duck, sad
3016 is even, duck, sad
3017 is odd, buzz, duck, sad
3018 is even, duck, sad
Enter a request:
> 0
Goodbye!
?[1;31m
Start test 46?[0m
Welcome to Amazing Numbers!

Supported requests:
- enter a natural number to know its properties;
- enter two natural numbers to obtain the properties of the list:
  * the first parameter represents a starting number;
  * the second parameter shows how many consecutive numbers are to be printed;
- two natural numbers and properties to search for;
- a property preceded by minus must not be present in numbers;
- separate the parameters with one space;
- enter 0 to exit.
Enter a request:
> 29479 3 BUZZ
29484 is even, buzz, sad
29487 is odd, buzz, sad
29491 is odd, buzz, sad
Enter a request:
> 0
Goodbye!
?[1;31m
Start test 47?[0m
Welcome to Amazing Numbers!

Supported requests:
- enter a natural number to know its properties;
- enter two natural numbers to obtain the properties of the list:
  * the first parameter represents a starting number;
  * the second parameter shows how many consecutive numbers are to be printed;
- two natural numbers and properties to search for;
- a property preceded by minus must not be present in numbers;
- separate the parameters with one space;
- enter 0 to exit.
Enter a request:
> 1 10 odd girl
The property [GIRL] is wrong.
Available properties: [EVEN, ODD, BUZZ, DUCK, PALINDROMIC, GAPFUL, SPY, SQUARE, SUNNY, JUMPING, HAPPY, SAD]
Enter a request:
> 0
Goodbye!
?[1;31m
Start test 48?[0m
Welcome to Amazing Numbers!

Supported requests:
- enter a natural number to know its properties;
- enter two natural numbers to obtain the properties of the list:
  * the first parameter represents a starting number;
  * the second parameter shows how many consecutive numbers are to be printed;
- two natural numbers and properties to search for;
- a property preceded by minus must not be present in numbers;
- separate the parameters with one space;
- enter 0 to exit.
Enter a request:
> 40 2 even day
The property [DAY] is wrong.
Available properties: [EVEN, ODD, BUZZ, DUCK, PALINDROMIC, GAPFUL, SPY, SQUARE, SUNNY, JUMPING, HAPPY, SAD]
Enter a request:
> 0
Goodbye!
?[1;31m
Start test 49?[0m
Welcome to Amazing Numbers!

Supported requests:
- enter a natural number to know its properties;
- enter two natural numbers to obtain the properties of the list:
  * the first parameter represents a starting number;
  * the second parameter shows how many consecutive numbers are to be printed;
- two natural numbers and properties to search for;
- a property preceded by minus must not be present in numbers;
- separate the parameters with one space;
- enter 0 to exit.
Enter a request:
> 37 4 spy 89
The property [89] is wrong.
Available properties: [EVEN, ODD, BUZZ, DUCK, PALINDROMIC, GAPFUL, SPY, SQUARE, SUNNY, JUMPING, HAPPY, SAD]
Enter a request:
> 0
Goodbye!
?[1;31m
Start test 50?[0m
Welcome to Amazing Numbers!

Supported requests:
- enter a natural number to know its properties;
- enter two natural numbers to obtain the properties of the list:
  * the first parameter represents a starting number;
  * the second parameter shows how many consecutive numbers are to be printed;
- two natural numbers and properties to search for;
- a property preceded by minus must not be present in numbers;
- separate the parameters with one space;
- enter 0 to exit.
Enter a request:
> 67 2 DUCK +
The property [+] is wrong.
Available properties: [EVEN, ODD, BUZZ, DUCK, PALINDROMIC, GAPFUL, SPY, SQUARE, SUNNY, JUMPING, HAPPY, SAD]
Enter a request:
> 0
Goodbye!
?[1;31m
Start test 51?[0m
Welcome to Amazing Numbers!

Supported requests:
- enter a natural number to know its properties;
- enter two natural numbers to obtain the properties of the list:
  * the first parameter represents a starting number;
  * the second parameter shows how many consecutive numbers are to be printed;
- two natural numbers and properties to search for;
- a property preceded by minus must not be present in numbers;
- separate the parameters with one space;
- enter 0 to exit.
Enter a request:
> 1 10 boy friend
The properties [BOY, FRIEND] are wrong.
Available properties: [EVEN, ODD, BUZZ, DUCK, PALINDROMIC, GAPFUL, SPY, SQUARE, SUNNY, JUMPING, HAPPY, SAD]
Enter a request:
> 0
Goodbye!
?[1;31m
Start test 52?[0m
Welcome to Amazing Numbers!

Supported requests:
- enter a natural number to know its properties;
- enter two natural numbers to obtain the properties of the list:
  * the first parameter represents a starting number;
  * the second parameter shows how many consecutive numbers are to be printed;
- two natural numbers and properties to search for;
- a property preceded by minus must not be present in numbers;
- separate the parameters with one space;
- enter 0 to exit.
Enter a request:
> 40 2 long day
The properties [LONG, DAY] are wrong.
Available properties: [EVEN, ODD, BUZZ, DUCK, PALINDROMIC, GAPFUL, SPY, SQUARE, SUNNY, JUMPING, HAPPY, SAD]
Enter a request:
> 0
Goodbye!
?[1;31m
Start test 53?[0m
Welcome to Amazing Numbers!

Supported requests:
- enter a natural number to know its properties;
- enter two natural numbers to obtain the properties of the list:
  * the first parameter represents a starting number;
  * the second parameter shows how many consecutive numbers are to be printed;
- two natural numbers and properties to search for;
- a property preceded by minus must not be present in numbers;
- separate the parameters with one space;
- enter 0 to exit.
Enter a request:
> 37 4 hot girl
The properties [HOT, GIRL] are wrong.
Available properties: [EVEN, ODD, BUZZ, DUCK, PALINDROMIC, GAPFUL, SPY, SQUARE, SUNNY, JUMPING, HAPPY, SAD]
Enter a request:
> 0
Goodbye!
?[1;31m
Start test 54?[0m
Welcome to Amazing Numbers!

Supported requests:
- enter a natural number to know its properties;
- enter two natural numbers to obtain the properties of the list:
  * the first parameter represents a starting number;
  * the second parameter shows how many consecutive numbers are to be printed;
- two natural numbers and properties to search for;
- a property preceded by minus must not be present in numbers;
- separate the parameters with one space;
- enter 0 to exit.
Enter a request:
> 67 2 strong drake
The properties [STRONG, DRAKE] are wrong.
Available properties: [EVEN, ODD, BUZZ, DUCK, PALINDROMIC, GAPFUL, SPY, SQUARE, SUNNY, JUMPING, HAPPY, SAD]
Enter a request:
> 0
Goodbye!
?[1;31m
Start test 55?[0m
Welcome to Amazing Numbers!

Supported requests:
- enter a natural number to know its properties;
- enter two natural numbers to obtain the properties of the list:
  * the first parameter represents a starting number;
  * the second parameter shows how many consecutive numbers are to be printed;
- two natural numbers and properties to search for;
- a property preceded by minus must not be present in numbers;
- separate the parameters with one space;
- enter 0 to exit.
Enter a request:
> 1 7 even spy
2 is even, palindromic, spy, jumping, sad
4 is even, palindromic, spy, square, jumping, sad
6 is even, palindromic, spy, jumping, sad
8 is even, palindromic, spy, sunny, jumping, sad
22 is even, palindromic, spy, sad
132 is even, gapful, spy, sad
312 is even, spy, sad
Enter a request:
> 0
Goodbye!
?[1;31m
Start test 56?[0m
Welcome to Amazing Numbers!

Supported requests:
- enter a natural number to know its properties;
- enter two natural numbers to obtain the properties of the list:
  * the first parameter represents a starting number;
  * the second parameter shows how many consecutive numbers are to be printed;
- two natural numbers and properties to search for;
- a property preceded by minus must not be present in numbers;
- separate the parameters with one space;
- enter 0 to exit.
Enter a request:
> 1 10 odd buzz
7 is odd, buzz, palindromic, spy, jumping, happy
17 is odd, buzz, sad
21 is odd, buzz, jumping, sad
27 is odd, buzz, sad
35 is odd, buzz, sunny, sad
37 is odd, buzz, sad
47 is odd, buzz, sad
49 is odd, buzz, square, happy
57 is odd, buzz, sad
63 is odd, buzz, sunny, sad
Enter a request:
> 0
Goodbye!
?[1;31m
Start test 57?[0m
Welcome to Amazing Numbers!

Supported requests:
- enter a natural number to know its properties;
- enter two natural numbers to obtain the properties of the list:
  * the first parameter represents a starting number;
  * the second parameter shows how many consecutive numbers are to be printed;
- two natural numbers and properties to search for;
- a property preceded by minus must not be present in numbers;
- separate the parameters with one space;
- enter 0 to exit.
Enter a request:
> 1 9 buzz gapful
105 is odd, buzz, duck, gapful, sad
140 is even, buzz, duck, gapful, sad
154 is even, buzz, gapful, sad
187 is odd, buzz, gapful, sad
231 is odd, buzz, gapful, spy, sad
280 is even, buzz, duck, gapful, happy
297 is odd, buzz, gapful, sad
315 is odd, buzz, gapful, sad
385 is odd, buzz, gapful, sad
Enter a request:
> 0
Goodbye!
?[1;31m
Start test 58?[0m
Welcome to Amazing Numbers!

Supported requests:
- enter a natural number to know its properties;
- enter two natural numbers to obtain the properties of the list:
  * the first parameter represents a starting number;
  * the second parameter shows how many consecutive numbers are to be printed;
- two natural numbers and properties to search for;
- a property preceded by minus must not be present in numbers;
- separate the parameters with one space;
- enter 0 to exit.
Enter a request:
> 1 10 spy buzz
7 is odd, buzz, palindromic, spy, jumping, happy
231 is odd, buzz, gapful, spy, sad
1421 is odd, buzz, spy, sad
2114 is even, buzz, spy, sad
15211 is odd, buzz, spy, happy
21511 is odd, buzz, spy, happy
22211 is odd, buzz, spy, sad
31311 is odd, buzz, spy, sad
51121 is odd, buzz, spy, happy
111216 is even, buzz, gapful, spy, happy
Enter a request:
> 0
Goodbye!
?[1;31m
Start test 59?[0m
Welcome to Amazing Numbers!

Supported requests:
- enter a natural number to know its properties;
- enter two natural numbers to obtain the properties of the list:
  * the first parameter represents a starting number;
  * the second parameter shows how many consecutive numbers are to be printed;
- two natural numbers and properties to search for;
- a property preceded by minus must not be present in numbers;
- separate the parameters with one space;
- enter 0 to exit.
Enter a request:
> 100000 2 even spy
111126 is even, spy, happy
111162 is even, spy, happy
Enter a request:
> 0
Goodbye!
?[1;31m
Start test 60?[0m
Welcome to Amazing Numbers!

Supported requests:
- enter a natural number to know its properties;
- enter two natural numbers to obtain the properties of the list:
  * the first parameter represents a starting number;
  * the second parameter shows how many consecutive numbers are to be printed;
- two natural numbers and properties to search for;
- a property preceded by minus must not be present in numbers;
- separate the parameters with one space;
- enter 0 to exit.
Enter a request:
> 100 4 odd gapful
105 is odd, buzz, duck, gapful, sad
121 is odd, palindromic, gapful, square, jumping, sad
135 is odd, gapful, sad
143 is odd, gapful, sunny, sad
Enter a request:
> 0
Goodbye!
?[1;31m
Start test 61?[0m
Welcome to Amazing Numbers!

Supported requests:
- enter a natural number to know its properties;
- enter two natural numbers to obtain the properties of the list:
  * the first parameter represents a starting number;
  * the second parameter shows how many consecutive numbers are to be printed;
- two natural numbers and properties to search for;
- a property preceded by minus must not be present in numbers;
- separate the parameters with one space;
- enter 0 to exit.
Enter a request:
> 2000 4 palindromic duck
2002 is even, buzz, duck, palindromic, gapful, sad
3003 is odd, buzz, duck, palindromic, gapful, sad
4004 is even, buzz, duck, palindromic, gapful, happy
5005 is odd, buzz, duck, palindromic, gapful, sad
Enter a request:
> 0
Goodbye!
?[1;31m
Start test 62?[0m
Welcome to Amazing Numbers!

Supported requests:
- enter a natural number to know its properties;
- enter two natural numbers to obtain the properties of the list:
  * the first parameter represents a starting number;
  * the second parameter shows how many consecutive numbers are to be printed;
- two natural numbers and properties to search for;
- a property preceded by minus must not be present in numbers;
- separate the parameters with one space;
- enter 0 to exit.
Enter a request:
> 26534 3 buzz evens palindromic
The property [EVENS] is wrong.
Available properties: [EVEN, ODD, BUZZ, DUCK, PALINDROMIC, GAPFUL, SPY, SQUARE, SUNNY, JUMPING, HAPPY, SAD]
Enter a request:
> 0
Goodbye!
?[1;31m
Start test 63?[0m
Welcome to Amazing Numbers!

Supported requests:
- enter a natural number to know its properties;
- enter two natural numbers to obtain the properties of the list:
  * the first parameter represents a starting number;
  * the second parameter shows how many consecutive numbers are to be printed;
- two natural numbers and properties to search for;
- a property preceded by minus must not be present in numbers;
- separate the parameters with one space;
- enter 0 to exit.
Enter a request:
> 4384 2 odd -buzz -palindromic shiny gapful
The property [SHINY] is wrong.
Available properties: [EVEN, ODD, BUZZ, DUCK, PALINDROMIC, GAPFUL, SPY, SQUARE, SUNNY, JUMPING, HAPPY, SAD]
Enter a request:
> 0
Goodbye!
?[1;31m
Start test 64?[0m
Welcome to Amazing Numbers!

Supported requests:
- enter a natural number to know its properties;
- enter two natural numbers to obtain the properties of the list:
  * the first parameter represents a starting number;
  * the second parameter shows how many consecutive numbers are to be printed;
- two natural numbers and properties to search for;
- a property preceded by minus must not be present in numbers;
- separate the parameters with one space;
- enter 0 to exit.
Enter a request:
> 1 7 hot sunny odd odd -even
The property [HOT] is wrong.
Available properties: [EVEN, ODD, BUZZ, DUCK, PALINDROMIC, GAPFUL, SPY, SQUARE, SUNNY, JUMPING, HAPPY, SAD]
Enter a request:
> 0
Goodbye!
?[1;31m
Start test 65?[0m
Welcome to Amazing Numbers!

Supported requests:
- enter a natural number to know its properties;
- enter two natural numbers to obtain the properties of the list:
  * the first parameter represents a starting number;
  * the second parameter shows how many consecutive numbers are to be printed;
- two natural numbers and properties to search for;
- a property preceded by minus must not be present in numbers;
- separate the parameters with one space;
- enter 0 to exit.
Enter a request:
> 78343 4 sunny -duck mac odd
The property [MAC] is wrong.
Available properties: [EVEN, ODD, BUZZ, DUCK, PALINDROMIC, GAPFUL, SPY, SQUARE, SUNNY, JUMPING, HAPPY, SAD]
Enter a request:
> 0
Goodbye!
?[1;31m
Start test 66?[0m
Welcome to Amazing Numbers!

Supported requests:
- enter a natural number to know its properties;
- enter two natural numbers to obtain the properties of the list:
  * the first parameter represents a starting number;
  * the second parameter shows how many consecutive numbers are to be printed;
- two natural numbers and properties to search for;
- a property preceded by minus must not be present in numbers;
- separate the parameters with one space;
- enter 0 to exit.
Enter a request:
> 3 4 -even -sunny -hot
The property [HOT] is wrong.
Available properties: [EVEN, ODD, BUZZ, DUCK, PALINDROMIC, GAPFUL, SPY, SQUARE, SUNNY, JUMPING, HAPPY, SAD]
Enter a request:
> 0
Goodbye!
?[1;31m
Start test 67?[0m
Welcome to Amazing Numbers!

Supported requests:
- enter a natural number to know its properties;
- enter two natural numbers to obtain the properties of the list:
  * the first parameter represents a starting number;
  * the second parameter shows how many consecutive numbers are to be printed;
- two natural numbers and properties to search for;
- a property preceded by minus must not be present in numbers;
- separate the parameters with one space;
- enter 0 to exit.
Enter a request:
> 1 7 odd spy palindromic
1 is odd, palindromic, spy, square, jumping, happy
3 is odd, palindromic, spy, sunny, jumping, sad
5 is odd, palindromic, spy, jumping, sad
7 is odd, buzz, palindromic, spy, jumping, happy
9 is odd, palindromic, spy, square, jumping, sad
12221 is odd, palindromic, gapful, spy, sad
13131 is odd, palindromic, spy, sad
Enter a request:
> 0
Goodbye!
?[1;31m
Start test 68?[0m
Welcome to Amazing Numbers!

Supported requests:
- enter a natural number to know its properties;
- enter two natural numbers to obtain the properties of the list:
  * the first parameter represents a starting number;
  * the second parameter shows how many consecutive numbers are to be printed;
- two natural numbers and properties to search for;
- a property preceded by minus must not be present in numbers;
- separate the parameters with one space;
- enter 0 to exit.
Enter a request:
> 1 10 even palindromic duck buzz
2002 is even, buzz, duck, palindromic, gapful, sad
4004 is even, buzz, duck, palindromic, gapful, happy
6006 is even, buzz, duck, palindromic, gapful, sad
8008 is even, buzz, duck, palindromic, gapful, sad
20202 is even, buzz, duck, palindromic, sad
20902 is even, buzz, duck, palindromic, sad
22022 is even, buzz, duck, palindromic, gapful, sad
29092 is even, buzz, duck, palindromic, sad
40404 is even, buzz, duck, palindromic, sad
44044 is even, buzz, duck, palindromic, gapful, sad
Enter a request:
> 0
Goodbye!
?[1;31m
Start test 69?[0m
Welcome to Amazing Numbers!

Supported requests:
- enter a natural number to know its properties;
- enter two natural numbers to obtain the properties of the list:
  * the first parameter represents a starting number;
  * the second parameter shows how many consecutive numbers are to be printed;
- two natural numbers and properties to search for;
- a property preceded by minus must not be present in numbers;
- separate the parameters with one space;
- enter 0 to exit.
Enter a request:
> 1 9 even palindromic duck buzz gapful
2002 is even, buzz, duck, palindromic, gapful, sad
4004 is even, buzz, duck, palindromic, gapful, happy
6006 is even, buzz, duck, palindromic, gapful, sad
8008 is even, buzz, duck, palindromic, gapful, sad
22022 is even, buzz, duck, palindromic, gapful, sad
44044 is even, buzz, duck, palindromic, gapful, sad
66066 is even, buzz, duck, palindromic, gapful, sad
88088 is even, buzz, duck, palindromic, gapful, sad
202202 is even, buzz, duck, palindromic, gapful, sad
Enter a request:
> 0
Goodbye!
?[1;31m
Start test 70?[0m
Welcome to Amazing Numbers!

Supported requests:
- enter a natural number to know its properties;
- enter two natural numbers to obtain the properties of the list:
  * the first parameter represents a starting number;
  * the second parameter shows how many consecutive numbers are to be printed;
- two natural numbers and properties to search for;
- a property preceded by minus must not be present in numbers;
- separate the parameters with one space;
- enter 0 to exit.
Enter a request:
> 1 10 even sunny duck buzz gapful
1680 is even, buzz, duck, gapful, sunny, sad
4760 is even, buzz, duck, gapful, sunny, sad
9408 is even, buzz, duck, gapful, sunny, sad
12320 is even, buzz, duck, gapful, sunny, sad
19320 is even, buzz, duck, gapful, sunny, sad
19880 is even, buzz, duck, gapful, sunny, sad
23408 is even, buzz, duck, gapful, sunny, sad
24024 is even, buzz, duck, gapful, sunny, sad
28560 is even, buzz, duck, gapful, sunny, happy
32760 is even, buzz, duck, gapful, sunny, sad
Enter a request:
> 0
Goodbye!
?[1;31m
Start test 71?[0m
Welcome to Amazing Numbers!

Supported requests:
- enter a natural number to know its properties;
- enter two natural numbers to obtain the properties of the list:
  * the first parameter represents a starting number;
  * the second parameter shows how many consecutive numbers are to be printed;
- two natural numbers and properties to search for;
- a property preceded by minus must not be present in numbers;
- separate the parameters with one space;
- enter 0 to exit.
Enter a request:
> 100000 2 even spy buzz gapful
111216 is even, buzz, gapful, spy, happy
161112 is even, buzz, gapful, spy, happy
Enter a request:
> 0
Goodbye!
?[1;31m
Start test 72?[0m
Welcome to Amazing Numbers!

Supported requests:
- enter a natural number to know its properties;
- enter two natural numbers to obtain the properties of the list:
  * the first parameter represents a starting number;
  * the second parameter shows how many consecutive numbers are to be printed;
- two natural numbers and properties to search for;
- a property preceded by minus must not be present in numbers;
- separate the parameters with one space;
- enter 0 to exit.
Enter a request:
> 100 4 odd spy gapful
231 is odd, buzz, gapful, spy, sad
12221 is odd, palindromic, gapful, spy, sad
216111 is odd, buzz, gapful, spy, happy
1111341 is odd, buzz, gapful, spy, sad
Enter a request:
> 0
Goodbye!
?[1;31m
Start test 73?[0m
Welcome to Amazing Numbers!

Supported requests:
- enter a natural number to know its properties;
- enter two natural numbers to obtain the properties of the list:
  * the first parameter represents a starting number;
  * the second parameter shows how many consecutive numbers are to be printed;
- two natural numbers and properties to search for;
- a property preceded by minus must not be present in numbers;
- separate the parameters with one space;
- enter 0 to exit.
Enter a request:
> 2000 4 even palindromic duck
2002 is even, buzz, duck, palindromic, gapful, sad
4004 is even, buzz, duck, palindromic, gapful, happy
6006 is even, buzz, duck, palindromic, gapful, sad
8008 is even, buzz, duck, palindromic, gapful, sad
Enter a request:
> 0
Goodbye!
?[1;31m
Start test 74?[0m
Welcome to Amazing Numbers!

Supported requests:
- enter a natural number to know its properties;
- enter two natural numbers to obtain the properties of the list:
  * the first parameter represents a starting number;
  * the second parameter shows how many consecutive numbers are to be printed;
- two natural numbers and properties to search for;
- a property preceded by minus must not be present in numbers;
- separate the parameters with one space;
- enter 0 to exit.
Enter a request:
> 1 15 odd spy -duck spy buzz
7 is odd, buzz, palindromic, spy, jumping, happy
231 is odd, buzz, gapful, spy, sad
1421 is odd, buzz, spy, sad
15211 is odd, buzz, spy, happy
21511 is odd, buzz, spy, happy
22211 is odd, buzz, spy, sad
31311 is odd, buzz, spy, sad
51121 is odd, buzz, spy, happy
112161 is odd, buzz, spy, happy
121611 is odd, buzz, spy, happy
216111 is odd, buzz, gapful, spy, happy
611121 is odd, buzz, spy, happy
1111127 is odd, buzz, spy, sad
1111217 is odd, buzz, spy, sad
1111271 is odd, buzz, spy, sad
Enter a request:
> 0
Goodbye!
?[1;31m
Start test 75?[0m
Welcome to Amazing Numbers!

Supported requests:
- enter a natural number to know its properties;
- enter two natural numbers to obtain the properties of the list:
  * the first parameter represents a starting number;
  * the second parameter shows how many consecutive numbers are to be printed;
- two natural numbers and properties to search for;
- a property preceded by minus must not be present in numbers;
- separate the parameters with one space;
- enter 0 to exit.
Enter a request:
> 1 2 jumping happy -spy
10 is even, duck, jumping, happy
23 is odd, jumping, happy
Enter a request:
> 0
Goodbye!
?[1;31m
Start test 76?[0m
Welcome to Amazing Numbers!

Supported requests:
- enter a natural number to know its properties;
- enter two natural numbers to obtain the properties of the list:
  * the first parameter represents a starting number;
  * the second parameter shows how many consecutive numbers are to be printed;
- two natural numbers and properties to search for;
- a property preceded by minus must not be present in numbers;
- separate the parameters with one space;
- enter 0 to exit.
Enter a request:
> 5 1 odd even
The request contains mutually exclusive properties: [EVEN, ODD]
There are no numbers with these properties.
Enter a request:
> 0
Goodbye!
?[1;31m
Start test 77?[0m
Welcome to Amazing Numbers!

Supported requests:
- enter a natural number to know its properties;
- enter two natural numbers to obtain the properties of the list:
  * the first parameter represents a starting number;
  * the second parameter shows how many consecutive numbers are to be printed;
- two natural numbers and properties to search for;
- a property preceded by minus must not be present in numbers;
- separate the parameters with one space;
- enter 0 to exit.
Enter a request:
> 4 3 even odd
The request contains mutually exclusive properties: [EVEN, ODD]
There are no numbers with these properties.
Enter a request:
> 0
Goodbye!
?[1;31m
Start test 78?[0m
Welcome to Amazing Numbers!

Supported requests:
- enter a natural number to know its properties;
- enter two natural numbers to obtain the properties of the list:
  * the first parameter represents a starting number;
  * the second parameter shows how many consecutive numbers are to be printed;
- two natural numbers and properties to search for;
- a property preceded by minus must not be present in numbers;
- separate the parameters with one space;
- enter 0 to exit.
Enter a request:
> 32 2 sunny square
The request contains mutually exclusive properties: [SUNNY, SQUARE]
There are no numbers with these properties.
Enter a request:
> 0
Goodbye!
?[1;31m
Start test 79?[0m
Welcome to Amazing Numbers!

Supported requests:
- enter a natural number to know its properties;
- enter two natural numbers to obtain the properties of the list:
  * the first parameter represents a starting number;
  * the second parameter shows how many consecutive numbers are to be printed;
- two natural numbers and properties to search for;
- a property preceded by minus must not be present in numbers;
- separate the parameters with one space;
- enter 0 to exit.
Enter a request:
> 3153 2 spy duck
The request contains mutually exclusive properties: [DUCK, SPY]
There are no numbers with these properties.
Enter a request:
> 0
Goodbye!
?[1;31m
Start test 80?[0m
Welcome to Amazing Numbers!

Supported requests:
- enter a natural number to know its properties;
- enter two natural numbers to obtain the properties of the list:
  * the first parameter represents a starting number;
  * the second parameter shows how many consecutive numbers are to be printed;
- two natural numbers and properties to search for;
- a property preceded by minus must not be present in numbers;
- separate the parameters with one space;
- enter 0 to exit.
Enter a request:
> 6 7 duck spy
The request contains mutually exclusive properties: [DUCK, SPY]
There are no numbers with these properties.
Enter a request:
> 0
Goodbye!
?[1;31m
Start test 81?[0m
Welcome to Amazing Numbers!

Supported requests:
- enter a natural number to know its properties;
- enter two natural numbers to obtain the properties of the list:
  * the first parameter represents a starting number;
  * the second parameter shows how many consecutive numbers are to be printed;
- two natural numbers and properties to search for;
- a property preceded by minus must not be present in numbers;
- separate the parameters with one space;
- enter 0 to exit.
Enter a request:
> 1 2 spy odd sunny even
The request contains mutually exclusive properties: [EVEN, ODD]
There are no numbers with these properties.
Enter a request:
> 0
Goodbye!
?[1;31m
Start test 82?[0m
Welcome to Amazing Numbers!

Supported requests:
- enter a natural number to know its properties;
- enter two natural numbers to obtain the properties of the list:
  * the first parameter represents a starting number;
  * the second parameter shows how many consecutive numbers are to be printed;
- two natural numbers and properties to search for;
- a property preceded by minus must not be present in numbers;
- separate the parameters with one space;
- enter 0 to exit.
Enter a request:
> 7 2 sunny even duck buzz square
The request contains mutually exclusive properties: [SUNNY, SQUARE]
There are no numbers with these properties.
Enter a request:
> 0
Goodbye!
?[1;31m
Start test 83?[0m
Welcome to Amazing Numbers!

Supported requests:
- enter a natural number to know its properties;
- enter two natural numbers to obtain the properties of the list:
  * the first parameter represents a starting number;
  * the second parameter shows how many consecutive numbers are to be printed;
- two natural numbers and properties to search for;
- a property preceded by minus must not be present in numbers;
- separate the parameters with one space;
- enter 0 to exit.
Enter a request:
> 9 5 even spy buzz duck
The request contains mutually exclusive properties: [DUCK, SPY]
There are no numbers with these properties.
Enter a request:
> 0
Goodbye!
?[1;31m
Start test 84?[0m
Welcome to Amazing Numbers!

Supported requests:
- enter a natural number to know its properties;
- enter two natural numbers to obtain the properties of the list:
  * the first parameter represents a starting number;
  * the second parameter shows how many consecutive numbers are to be printed;
- two natural numbers and properties to search for;
- a property preceded by minus must not be present in numbers;
- separate the parameters with one space;
- enter 0 to exit.
Enter a request:
> 6 6 -odd -even
The request contains mutually exclusive properties: [EVEN, ODD]
There are no numbers with these properties.
Enter a request:
> 0
Goodbye!
?[1;31m
Start test 85?[0m
Welcome to Amazing Numbers!

Supported requests:
- enter a natural number to know its properties;
- enter two natural numbers to obtain the properties of the list:
  * the first parameter represents a starting number;
  * the second parameter shows how many consecutive numbers are to be printed;
- two natural numbers and properties to search for;
- a property preceded by minus must not be present in numbers;
- separate the parameters with one space;
- enter 0 to exit.
Enter a request:
> 6 7 odd -odd
The request contains mutually exclusive properties: [ODD, -ODD]
There are no numbers with these properties.
Enter a request:
> 0
Goodbye!
?[1;31m
Start test 86?[0m
Welcome to Amazing Numbers!

Supported requests:
- enter a natural number to know its properties;
- enter two natural numbers to obtain the properties of the list:
  * the first parameter represents a starting number;
  * the second parameter shows how many consecutive numbers are to be printed;
- two natural numbers and properties to search for;
- a property preceded by minus must not be present in numbers;
- separate the parameters with one space;
- enter 0 to exit.
Enter a request:
> 8 1 -even even
The request contains mutually exclusive properties: [EVEN, -EVEN]
There are no numbers with these properties.
Enter a request:
> 0
Goodbye!
?[1;31m
Start test 87?[0m
Welcome to Amazing Numbers!

Supported requests:
- enter a natural number to know its properties;
- enter two natural numbers to obtain the properties of the list:
  * the first parameter represents a starting number;
  * the second parameter shows how many consecutive numbers are to be printed;
- two natural numbers and properties to search for;
- a property preceded by minus must not be present in numbers;
- separate the parameters with one space;
- enter 0 to exit.
Enter a request:
> 3 5 odd duck buzz -duck sunny
The request contains mutually exclusive properties: [DUCK, -DUCK]
There are no numbers with these properties.
Enter a request:
> 0
Goodbye!
?[1;31m
Start test 88?[0m
Welcome to Amazing Numbers!

Supported requests:
- enter a natural number to know its properties;
- enter two natural numbers to obtain the properties of the list:
  * the first parameter represents a starting number;
  * the second parameter shows how many consecutive numbers are to be printed;
- two natural numbers and properties to search for;
- a property preceded by minus must not be present in numbers;
- separate the parameters with one space;
- enter 0 to exit.
Enter a request:
> 1 15 -EVEN
1 is odd, palindromic, spy, square, jumping, happy
3 is odd, palindromic, spy, sunny, jumping, sad
5 is odd, palindromic, spy, jumping, sad
7 is odd, buzz, palindromic, spy, jumping, happy
9 is odd, palindromic, spy, square, jumping, sad
11 is odd, palindromic, sad
13 is odd, happy
15 is odd, sunny, sad
17 is odd, buzz, sad
19 is odd, happy
21 is odd, buzz, jumping, sad
23 is odd, jumping, happy
25 is odd, square, sad
27 is odd, buzz, sad
29 is odd, sad
Enter a request:
> 1 15 -ODD
2 is even, palindromic, spy, jumping, sad
4 is even, palindromic, spy, square, jumping, sad
6 is even, palindromic, spy, jumping, sad
8 is even, palindromic, spy, sunny, jumping, sad
10 is even, duck, jumping, happy
12 is even, jumping, sad
14 is even, buzz, sad
16 is even, square, sad
18 is even, sad
20 is even, duck, sad
22 is even, palindromic, spy, sad
24 is even, sunny, sad
26 is even, sad
28 is even, buzz, happy
30 is even, duck, sad
Enter a request:
> 1 15 -BUZZ
1 is odd, palindromic, spy, square, jumping, happy
2 is even, palindromic, spy, jumping, sad
3 is odd, palindromic, spy, sunny, jumping, sad
4 is even, palindromic, spy, square, jumping, sad
5 is odd, palindromic, spy, jumping, sad
6 is even, palindromic, spy, jumping, sad
8 is even, palindromic, spy, sunny, jumping, sad
9 is odd, palindromic, spy, square, jumping, sad
10 is even, duck, jumping, happy
11 is odd, palindromic, sad
12 is even, jumping, sad
13 is odd, happy
15 is odd, sunny, sad
16 is even, square, sad
18 is even, sad
Enter a request:
> 1 15 -DUCK
1 is odd, palindromic, spy, square, jumping, happy
2 is even, palindromic, spy, jumping, sad
3 is odd, palindromic, spy, sunny, jumping, sad
4 is even, palindromic, spy, square, jumping, sad
5 is odd, palindromic, spy, jumping, sad
6 is even, palindromic, spy, jumping, sad
7 is odd, buzz, palindromic, spy, jumping, happy
8 is even, palindromic, spy, sunny, jumping, sad
9 is odd, palindromic, spy, square, jumping, sad
11 is odd, palindromic, sad
12 is even, jumping, sad
13 is odd, happy
14 is even, buzz, sad
15 is odd, sunny, sad
16 is even, square, sad
Enter a request:
> 1 15 -PALINDROMIC
10 is even, duck, jumping, happy
12 is even, jumping, sad
13 is odd, happy
14 is even, buzz, sad
15 is odd, sunny, sad
16 is even, square, sad
17 is odd, buzz, sad
18 is even, sad
19 is odd, happy
20 is even, duck, sad
21 is odd, buzz, jumping, sad
23 is odd, jumping, happy
24 is even, sunny, sad
25 is odd, square, sad
26 is even, sad
Enter a request:
> 1 15 -GAPFUL
1 is odd, palindromic, spy, square, jumping, happy
2 is even, palindromic, spy, jumping, sad
3 is odd, palindromic, spy, sunny, jumping, sad
4 is even, palindromic, spy, square, jumping, sad
5 is odd, palindromic, spy, jumping, sad
6 is even, palindromic, spy, jumping, sad
7 is odd, buzz, palindromic, spy, jumping, happy
8 is even, palindromic, spy, sunny, jumping, sad
9 is odd, palindromic, spy, square, jumping, sad
10 is even, duck, jumping, happy
11 is odd, palindromic, sad
12 is even, jumping, sad
13 is odd, happy
14 is even, buzz, sad
15 is odd, sunny, sad
Enter a request:
> 1 15 -SPY
10 is even, duck, jumping, happy
11 is odd, palindromic, sad
12 is even, jumping, sad
13 is odd, happy
14 is even, buzz, sad
15 is odd, sunny, sad
16 is even, square, sad
17 is odd, buzz, sad
18 is even, sad
19 is odd, happy
20 is even, duck, sad
21 is odd, buzz, jumping, sad
23 is odd, jumping, happy
24 is even, sunny, sad
25 is odd, square, sad
Enter a request:
> 1 15 -SQUARE
2 is even, palindromic, spy, jumping, sad
3 is odd, palindromic, spy, sunny, jumping, sad
5 is odd, palindromic, spy, jumping, sad
6 is even, palindromic, spy, jumping, sad
7 is odd, buzz, palindromic, spy, jumping, happy
8 is even, palindromic, spy, sunny, jumping, sad
10 is even, duck, jumping, happy
11 is odd, palindromic, sad
12 is even, jumping, sad
13 is odd, happy
14 is even, buzz, sad
15 is odd, sunny, sad
17 is odd, buzz, sad
18 is even, sad
19 is odd, happy
Enter a request:
> 1 15 -SUNNY
1 is odd, palindromic, spy, square, jumping, happy
2 is even, palindromic, spy, jumping, sad
4 is even, palindromic, spy, square, jumping, sad
5 is odd, palindromic, spy, jumping, sad
6 is even, palindromic, spy, jumping, sad
7 is odd, buzz, palindromic, spy, jumping, happy
9 is odd, palindromic, spy, square, jumping, sad
10 is even, duck, jumping, happy
11 is odd, palindromic, sad
12 is even, jumping, sad
13 is odd, happy
14 is even, buzz, sad
16 is even, square, sad
17 is odd, buzz, sad
18 is even, sad
Enter a request:
> 1 15 -JUMPING
11 is odd, palindromic, sad
13 is odd, happy
14 is even, buzz, sad
15 is odd, sunny, sad
16 is even, square, sad
17 is odd, buzz, sad
18 is even, sad
19 is odd, happy
20 is even, duck, sad
22 is even, palindromic, spy, sad
24 is even, sunny, sad
25 is odd, square, sad
26 is even, sad
27 is odd, buzz, sad
28 is even, buzz, happy
Enter a request:
> 1 15 -HAPPY
2 is even, palindromic, spy, jumping, sad
3 is odd, palindromic, spy, sunny, jumping, sad
4 is even, palindromic, spy, square, jumping, sad
5 is odd, palindromic, spy, jumping, sad
6 is even, palindromic, spy, jumping, sad
8 is even, palindromic, spy, sunny, jumping, sad
9 is odd, palindromic, spy, square, jumping, sad
11 is odd, palindromic, sad
12 is even, jumping, sad
14 is even, buzz, sad
15 is odd, sunny, sad
16 is even, square, sad
17 is odd, buzz, sad
18 is even, sad
20 is even, duck, sad
Enter a request:
> 1 15 -SAD
1 is odd, palindromic, spy, square, jumping, happy
7 is odd, buzz, palindromic, spy, jumping, happy
10 is even, duck, jumping, happy
13 is odd, happy
19 is odd, happy
23 is odd, jumping, happy
28 is even, buzz, happy
31 is odd, happy
32 is even, jumping, happy
44 is even, palindromic, happy
49 is odd, buzz, square, happy
68 is even, happy
70 is even, buzz, duck, happy
79 is odd, happy
82 is even, happy
Enter a request:
> 0
Goodbye!
]]></system-out>
  <system-err><![CDATA[]]></system-err>
</testsuite>
